<?xml version="1.0" encoding="UTF-8"?>
<testng-results skipped="0" failed="0" total="1" passed="1">
  <reporter-output>
  </reporter-output>
  <suite name="RyanairSuite" duration-ms="33112" started-at="2018-02-04T16:04:44Z" finished-at="2018-02-04T16:05:17Z">
    <groups>
    </groups>
    <test name="FlightsTests" duration-ms="33112" started-at="2018-02-04T16:04:44Z" finished-at="2018-02-04T16:05:17Z">
      <class name="com.ryanair.tests.FlightsTests">
        <test-method status="PASS" signature="beforeClass()[pri:0, instance:com.ryanair.tests.FlightsTests@46d56d67]" name="beforeClass" is-config="true" duration-ms="4181" started-at="2018-02-04T21:34:44Z" finished-at="2018-02-04T21:34:48Z">
          <reporter-output>
          </reporter-output>
        </test-method> <!-- beforeClass -->
        <test-method status="PASS" signature="testFlights()[pri:0, instance:com.ryanair.tests.FlightsTests@46d56d67]" name="testFlights" duration-ms="27503" started-at="2018-02-04T21:34:48Z" finished-at="2018-02-04T21:35:16Z">
          <reporter-output>
          </reporter-output>
        </test-method> <!-- testFlights -->
        <test-method status="PASS" signature="afterTest()[pri:0, instance:com.ryanair.tests.FlightsTests@46d56d67]" name="afterTest" is-config="true" duration-ms="1409" started-at="2018-02-04T21:35:16Z" finished-at="2018-02-04T21:35:17Z">
          <reporter-output>
          </reporter-output>
        </test-method> <!-- afterTest -->
      </class> <!-- com.ryanair.tests.FlightsTests -->
    </test> <!-- FlightsTests -->
  </suite> <!-- RyanairSuite -->
</testng-results>
